[2026-07-06 18:32:01] local.ERROR: SQLSTATE[HY000] [1105] Missing user name prefix. See https://docs.pingcap.com/tidbcloud/select-cluster-tier#user-name-prefix (Connection: mysql, SQL: delete from `cache`) {"exception":"[object] (Illuminate\\Database\\QueryException(code: 1105): SQLSTATE[HY000] [1105] Missing user name prefix. See https://docs.pingcap.com/tidbcloud/select-cluster-tier#user-name-prefix (Connection: mysql, SQL: delete from `cache`) at C:\\Users\\Mario\\Desktop\\AppRepa\\Backend\\AppRepaPrest\\vendor\\laravel\\framework\\src\\Illuminate\\Database\\Connection.php:822)
[stacktrace]
#0 C:\\Users\\Mario\\Desktop\\AppRepa\\Backend\\AppRepaPrest\\vendor\\laravel\\framework\\src\\Illuminate\\Database\\Connection.php(776): Illuminate\\Database\\Connection->runQueryCallback('delete from `ca...', Array, Object(Closure))
#1 C:\\Users\\Mario\\Desktop\\AppRepa\\Backend\\AppRepaPrest\\vendor\\laravel\\framework\\src\\Illuminate\\Database\\Connection.php(581): Illuminate\\Database\\Connection->run('delete from `ca...', Array, Object(Closure))
#2 C:\\Users\\Mario\\Desktop\\AppRepa\\Backend\\AppRepaPrest\\vendor\\laravel\\framework\\src\\Illuminate\\Database\\Connection.php(545): Illuminate\\Database\\Connection->affectingStatement('delete from `ca...', Array)
#3 C:\\Users\\Mario\\Desktop\\AppRepa\\Backend\\AppRepaPrest\\vendor\\laravel\\framework\\src\\Illuminate\\Database\\Query\\Builder.php(4052): Illuminate\\Database\\Connection->delete('delete from `ca...', Array)
#4 C:\\Users\\Mario\\Desktop\\AppRepa\\Backend\\AppRepaPrest\\vendor\\laravel\\framework\\src\\Illuminate\\Cache\\DatabaseStore.php(423): Illuminate\\Database\\Query\\Builder->delete()
#5 C:\\Users\\Mario\\Desktop\\AppRepa\\Backend\\AppRepaPrest\\vendor\\laravel\\framework\\src\\Illuminate\\Cache\\Repository.php(807): Illuminate\\Cache\\DatabaseStore->flush()
#6 C:\\Users\\Mario\\Desktop\\AppRepa\\Backend\\AppRepaPrest\\vendor\\laravel\\framework\\src\\Illuminate\\Cache\\Console\\ClearCommand.php(68): Illuminate\\Cache\\Repository->__call('flush', Array)
#7 C:\\Users\\Mario\\Desktop\\AppRepa\\Backend\\AppRepaPrest\\vendor\\laravel\\framework\\src\\Illuminate\\Container\\BoundMethod.php(36): Illuminate\\Cache\\Console\\ClearCommand->handle()
#8 C:\\Users\\Mario\\Desktop\\AppRepa\\Backend\\AppRepaPrest\\vendor\\laravel\\framework\\src\\Illuminate\\Container\\Util.php(43): Illuminate\\Container\\BoundMethod::{closure:Illuminate\\Container\\BoundMethod::call():35}()
#9 C:\\Users\\Mario\\Desktop\\AppRepa\\Backend\\AppRepaPrest\\vendor\\laravel\\framework\\src\\Illuminate\\Container\\BoundMethod.php(96): Illuminate\\Container\\Util::unwrapIfClosure(Object(Closure))
#10 C:\\Users\\Mario\\Desktop\\AppRepa\\Backend\\AppRepaPrest\\vendor\\laravel\\framework\\src\\Illuminate\\Container\\BoundMethod.php(35): Illuminate\\Container\\BoundMethod::callBoundMethod(Object(Illuminate\\Foundation\\Application), Array, Object(Closure))
#11 C:\\Users\\Mario\\Desktop\\AppRepa\\Backend\\AppRepaPrest\\vendor\\laravel\\framework\\src\\Illuminate\\Container\\Container.php(754): Illuminate\\Container\\BoundMethod::call(Object(Illuminate\\Foundation\\Application), Array, Array, NULL)
#12 C:\\Users\\Mario\\Desktop\\AppRepa\\Backend\\AppRepaPrest\\vendor\\laravel\\framework\\src\\Illuminate\\Console\\Command.php(209): Illuminate\\Container\\Container->call(Array)
#13 C:\\Users\\Mario\\Desktop\\AppRepa\\Backend\\AppRepaPrest\\vendor\\symfony\\console\\Command\\Command.php(318): Illuminate\\Console\\Command->execute(Object(Symfony\\Component\\Console\\Input\\ArgvInput), Object(Illuminate\\Console\\OutputStyle))
#14 C:\\Users\\Mario\\Desktop\\AppRepa\\Backend\\AppRepaPrest\\vendor\\laravel\\framework\\src\\Illuminate\\Console\\Command.php(178): Symfony\\Component\\Console\\Command\\Command->run(Object(Symfony\\Component\\Console\\Input\\ArgvInput), Object(Illuminate\\Console\\OutputStyle))
#15 C:\\Users\\Mario\\Desktop\\AppRepa\\Backend\\AppRepaPrest\\vendor\\symfony\\console\\Application.php(1092): Illuminate\\Console\\Command->run(Object(Symfony\\Component\\Console\\Input\\ArgvInput), Object(Symfony\\Component\\Console\\Output\\ConsoleOutput))
#16 C:\\Users\\Mario\\Desktop\\AppRepa\\Backend\\AppRepaPrest\\vendor\\symfony\\console\\Application.php(341): Symfony\\Component\\Console\\Application->doRunCommand(Object(Illuminate\\Cache\\Console\\ClearCommand), Object(Symfony\\Component\\Console\\Input\\ArgvInput), Object(Symfony\\Component\\Console\\Output\\ConsoleOutput))
#17 C:\\Users\\Mario\\Desktop\\AppRepa\\Backend\\AppRepaPrest\\vendor\\symfony\\console\\Application.php(192): Symfony\\Component\\Console\\Application->doRun(Object(Symfony\\Component\\Console\\Input\\ArgvInput), Object(Symfony\\Component\\Console\\Output\\ConsoleOutput))
#18 C:\\Users\\Mario\\Desktop\\AppRepa\\Backend\\AppRepaPrest\\vendor\\laravel\\framework\\src\\Illuminate\\Foundation\\Console\\Kernel.php(197): Symfony\\Component\\Console\\Application->run(Object(Symfony\\Component\\Console\\Input\\ArgvInput), Object(Symfony\\Component\\Console\\Output\\ConsoleOutput))
#19 C:\\Users\\Mario\\Desktop\\AppRepa\\Backend\\AppRepaPrest\\vendor\\laravel\\framework\\src\\Illuminate\\Foundation\\Application.php(1234): Illuminate\\Foundation\\Console\\Kernel->handle(Object(Symfony\\Component\\Console\\Input\\ArgvInput), Object(Symfony\\Component\\Console\\Output\\ConsoleOutput))
#20 C:\\Users\\Mario\\Desktop\\AppRepa\\Backend\\AppRepaPrest\\artisan(16): Illuminate\\Foundation\\Application->handleCommand(Object(Symfony\\Component\\Console\\Input\\ArgvInput))
#21 {main}

[previous exception] [object] (PDOException(code: 1105): SQLSTATE[HY000] [1105] Missing user name prefix. See https://docs.pingcap.com/tidbcloud/select-cluster-tier#user-name-prefix at C:\\Users\\Mario\\Desktop\\AppRepa\\Backend\\AppRepaPrest\\vendor\\laravel\\framework\\src\\Illuminate\\Database\\Connectors\\Connector.php:67)
[stacktrace]
#0 C:\\Users\\Mario\\Desktop\\AppRepa\\Backend\\AppRepaPrest\\vendor\\laravel\\framework\\src\\Illuminate\\Database\\Connectors\\Connector.php(67): PDO::connect('mysql:host=gate...', 'rickso21111', Object(SensitiveParameterValue), Array)
#1 C:\\Users\\Mario\\Desktop\\AppRepa\\Backend\\AppRepaPrest\\vendor\\laravel\\framework\\src\\Illuminate\\Database\\Connectors\\Connector.php(44): Illuminate\\Database\\Connectors\\Connector->createPdoConnection('mysql:host=gate...', 'rickso21111', Object(SensitiveParameterValue), Array)
#2 C:\\Users\\Mario\\Desktop\\AppRepa\\Backend\\AppRepaPrest\\vendor\\laravel\\framework\\src\\Illuminate\\Database\\Connectors\\MySqlConnector.php(24): Illuminate\\Database\\Connectors\\Connector->createConnection('mysql:host=gate...', Array, Array)
#3 C:\\Users\\Mario\\Desktop\\AppRepa\\Backend\\AppRepaPrest\\vendor\\laravel\\framework\\src\\Illuminate\\Database\\Connectors\\ConnectionFactory.php(184): Illuminate\\Database\\Connectors\\MySqlConnector->connect(Array)
#4 [internal function]: Illuminate\\Database\\Connectors\\ConnectionFactory->{closure:Illuminate\\Database\\Connectors\\ConnectionFactory::createPdoResolverWithHosts():179}()
#5 C:\\Users\\Mario\\Desktop\\AppRepa\\Backend\\AppRepaPrest\\vendor\\laravel\\framework\\src\\Illuminate\\Database\\Connection.php(1228): call_user_func(Object(Closure))
#6 C:\\Users\\Mario\\Desktop\\AppRepa\\Backend\\AppRepaPrest\\vendor\\laravel\\framework\\src\\Illuminate\\Database\\Connection.php(589): Illuminate\\Database\\Connection->getPdo()
#7 C:\\Users\\Mario\\Desktop\\AppRepa\\Backend\\AppRepaPrest\\vendor\\laravel\\framework\\src\\Illuminate\\Database\\Connection.php(809): Illuminate\\Database\\Connection->{closure:Illuminate\\Database\\Connection::affectingStatement():581}('delete from `ca...', Array)
#8 C:\\Users\\Mario\\Desktop\\AppRepa\\Backend\\AppRepaPrest\\vendor\\laravel\\framework\\src\\Illuminate\\Database\\Connection.php(776): Illuminate\\Database\\Connection->runQueryCallback('delete from `ca...', Array, Object(Closure))
#9 C:\\Users\\Mario\\Desktop\\AppRepa\\Backend\\AppRepaPrest\\vendor\\laravel\\framework\\src\\Illuminate\\Database\\Connection.php(581): Illuminate\\Database\\Connection->run('delete from `ca...', Array, Object(Closure))
#10 C:\\Users\\Mario\\Desktop\\AppRepa\\Backend\\AppRepaPrest\\vendor\\laravel\\framework\\src\\Illuminate\\Database\\Connection.php(545): Illuminate\\Database\\Connection->affectingStatement('delete from `ca...', Array)
#11 C:\\Users\\Mario\\Desktop\\AppRepa\\Backend\\AppRepaPrest\\vendor\\laravel\\framework\\src\\Illuminate\\Database\\Query\\Builder.php(4052): Illuminate\\Database\\Connection->delete('delete from `ca...', Array)
#12 C:\\Users\\Mario\\Desktop\\AppRepa\\Backend\\AppRepaPrest\\vendor\\laravel\\framework\\src\\Illuminate\\Cache\\DatabaseStore.php(423): Illuminate\\Database\\Query\\Builder->delete()
#13 C:\\Users\\Mario\\Desktop\\AppRepa\\Backend\\AppRepaPrest\\vendor\\laravel\\framework\\src\\Illuminate\\Cache\\Repository.php(807): Illuminate\\Cache\\DatabaseStore->flush()
#14 C:\\Users\\Mario\\Desktop\\AppRepa\\Backend\\AppRepaPrest\\vendor\\laravel\\framework\\src\\Illuminate\\Cache\\Console\\ClearCommand.php(68): Illuminate\\Cache\\Repository->__call('flush', Array)
#15 C:\\Users\\Mario\\Desktop\\AppRepa\\Backend\\AppRepaPrest\\vendor\\laravel\\framework\\src\\Illuminate\\Container\\BoundMethod.php(36): Illuminate\\Cache\\Console\\ClearCommand->handle()
#16 C:\\Users\\Mario\\Desktop\\AppRepa\\Backend\\AppRepaPrest\\vendor\\laravel\\framework\\src\\Illuminate\\Container\\Util.php(43): Illuminate\\Container\\BoundMethod::{closure:Illuminate\\Container\\BoundMethod::call():35}()
#17 C:\\Users\\Mario\\Desktop\\AppRepa\\Backend\\AppRepaPrest\\vendor\\laravel\\framework\\src\\Illuminate\\Container\\BoundMethod.php(96): Illuminate\\Container\\Util::unwrapIfClosure(Object(Closure))
#18 C:\\Users\\Mario\\Desktop\\AppRepa\\Backend\\AppRepaPrest\\vendor\\laravel\\framework\\src\\Illuminate\\Container\\BoundMethod.php(35): Illuminate\\Container\\BoundMethod::callBoundMethod(Object(Illuminate\\Foundation\\Application), Array, Object(Closure))
#19 C:\\Users\\Mario\\Desktop\\AppRepa\\Backend\\AppRepaPrest\\vendor\\laravel\\framework\\src\\Illuminate\\Container\\Container.php(754): Illuminate\\Container\\BoundMethod::call(Object(Illuminate\\Foundation\\Application), Array, Array, NULL)
#20 C:\\Users\\Mario\\Desktop\\AppRepa\\Backend\\AppRepaPrest\\vendor\\laravel\\framework\\src\\Illuminate\\Console\\Command.php(209): Illuminate\\Container\\Container->call(Array)
#21 C:\\Users\\Mario\\Desktop\\AppRepa\\Backend\\AppRepaPrest\\vendor\\symfony\\console\\Command\\Command.php(318): Illuminate\\Console\\Command->execute(Object(Symfony\\Component\\Console\\Input\\ArgvInput), Object(Illuminate\\Console\\OutputStyle))
#22 C:\\Users\\Mario\\Desktop\\AppRepa\\Backend\\AppRepaPrest\\vendor\\laravel\\framework\\src\\Illuminate\\Console\\Command.php(178): Symfony\\Component\\Console\\Command\\Command->run(Object(Symfony\\Component\\Console\\Input\\ArgvInput), Object(Illuminate\\Console\\OutputStyle))
#23 C:\\Users\\Mario\\Desktop\\AppRepa\\Backend\\AppRepaPrest\\vendor\\symfony\\console\\Application.php(1092): Illuminate\\Console\\Command->run(Object(Symfony\\Component\\Console\\Input\\ArgvInput), Object(Symfony\\Component\\Console\\Output\\ConsoleOutput))
#24 C:\\Users\\Mario\\Desktop\\AppRepa\\Backend\\AppRepaPrest\\vendor\\symfony\\console\\Application.php(341): Symfony\\Component\\Console\\Application->doRunCommand(Object(Illuminate\\Cache\\Console\\ClearCommand), Object(Symfony\\Component\\Console\\Input\\ArgvInput), Object(Symfony\\Component\\Console\\Output\\ConsoleOutput))
#25 C:\\Users\\Mario\\Desktop\\AppRepa\\Backend\\AppRepaPrest\\vendor\\symfony\\console\\Application.php(192): Symfony\\Component\\Console\\Application->doRun(Object(Symfony\\Component\\Console\\Input\\ArgvInput), Object(Symfony\\Component\\Console\\Output\\ConsoleOutput))
#26 C:\\Users\\Mario\\Desktop\\AppRepa\\Backend\\AppRepaPrest\\vendor\\laravel\\framework\\src\\Illuminate\\Foundation\\Console\\Kernel.php(197): Symfony\\Component\\Console\\Application->run(Object(Symfony\\Component\\Console\\Input\\ArgvInput), Object(Symfony\\Component\\Console\\Output\\ConsoleOutput))
#27 C:\\Users\\Mario\\Desktop\\AppRepa\\Backend\\AppRepaPrest\\vendor\\laravel\\framework\\src\\Illuminate\\Foundation\\Application.php(1234): Illuminate\\Foundation\\Console\\Kernel->handle(Object(Symfony\\Component\\Console\\Input\\ArgvInput), Object(Symfony\\Component\\Console\\Output\\ConsoleOutput))
#28 C:\\Users\\Mario\\Desktop\\AppRepa\\Backend\\AppRepaPrest\\artisan(16): Illuminate\\Foundation\\Application->handleCommand(Object(Symfony\\Component\\Console\\Input\\ArgvInput))
#29 {main}
"} 
[2026-07-06 18:33:25] local.ERROR: SQLSTATE[42S02]: Base table or view not found: 1146 Table 'repaprest.cache' doesn't exist (Connection: mysql, SQL: delete from `cache`) {"exception":"[object] (Illuminate\\Database\\QueryException(code: 42S02): SQLSTATE[42S02]: Base table or view not found: 1146 Table 'repaprest.cache' doesn't exist (Connection: mysql, SQL: delete from `cache`) at C:\\Users\\Mario\\Desktop\\AppRepa\\Backend\\AppRepaPrest\\vendor\\laravel\\framework\\src\\Illuminate\\Database\\Connection.php:822)
[stacktrace]
#0 C:\\Users\\Mario\\Desktop\\AppRepa\\Backend\\AppRepaPrest\\vendor\\laravel\\framework\\src\\Illuminate\\Database\\Connection.php(776): Illuminate\\Database\\Connection->runQueryCallback('delete from `ca...', Array, Object(Closure))
#1 C:\\Users\\Mario\\Desktop\\AppRepa\\Backend\\AppRepaPrest\\vendor\\laravel\\framework\\src\\Illuminate\\Database\\Connection.php(581): Illuminate\\Database\\Connection->run('delete from `ca...', Array, Object(Closure))
#2 C:\\Users\\Mario\\Desktop\\AppRepa\\Backend\\AppRepaPrest\\vendor\\laravel\\framework\\src\\Illuminate\\Database\\Connection.php(545): Illuminate\\Database\\Connection->affectingStatement('delete from `ca...', Array)
#3 C:\\Users\\Mario\\Desktop\\AppRepa\\Backend\\AppRepaPrest\\vendor\\laravel\\framework\\src\\Illuminate\\Database\\Query\\Builder.php(4052): Illuminate\\Database\\Connection->delete('delete from `ca...', Array)
#4 C:\\Users\\Mario\\Desktop\\AppRepa\\Backend\\AppRepaPrest\\vendor\\laravel\\framework\\src\\Illuminate\\Cache\\DatabaseStore.php(423): Illuminate\\Database\\Query\\Builder->delete()
#5 C:\\Users\\Mario\\Desktop\\AppRepa\\Backend\\AppRepaPrest\\vendor\\laravel\\framework\\src\\Illuminate\\Cache\\Repository.php(807): Illuminate\\Cache\\DatabaseStore->flush()
#6 C:\\Users\\Mario\\Desktop\\AppRepa\\Backend\\AppRepaPrest\\vendor\\laravel\\framework\\src\\Illuminate\\Cache\\Console\\ClearCommand.php(68): Illuminate\\Cache\\Repository->__call('flush', Array)
#7 C:\\Users\\Mario\\Desktop\\AppRepa\\Backend\\AppRepaPrest\\vendor\\laravel\\framework\\src\\Illuminate\\Container\\BoundMethod.php(36): Illuminate\\Cache\\Console\\ClearCommand->handle()
#8 C:\\Users\\Mario\\Desktop\\AppRepa\\Backend\\AppRepaPrest\\vendor\\laravel\\framework\\src\\Illuminate\\Container\\Util.php(43): Illuminate\\Container\\BoundMethod::{closure:Illuminate\\Container\\BoundMethod::call():35}()
#9 C:\\Users\\Mario\\Desktop\\AppRepa\\Backend\\AppRepaPrest\\vendor\\laravel\\framework\\src\\Illuminate\\Container\\BoundMethod.php(96): Illuminate\\Container\\Util::unwrapIfClosure(Object(Closure))
#10 C:\\Users\\Mario\\Desktop\\AppRepa\\Backend\\AppRepaPrest\\vendor\\laravel\\framework\\src\\Illuminate\\Container\\BoundMethod.php(35): Illuminate\\Container\\BoundMethod::callBoundMethod(Object(Illuminate\\Foundation\\Application), Array, Object(Closure))
#11 C:\\Users\\Mario\\Desktop\\AppRepa\\Backend\\AppRepaPrest\\vendor\\laravel\\framework\\src\\Illuminate\\Container\\Container.php(754): Illuminate\\Container\\BoundMethod::call(Object(Illuminate\\Foundation\\Application), Array, Array, NULL)
#12 C:\\Users\\Mario\\Desktop\\AppRepa\\Backend\\AppRepaPrest\\vendor\\laravel\\framework\\src\\Illuminate\\Console\\Command.php(209): Illuminate\\Container\\Container->call(Array)
#13 C:\\Users\\Mario\\Desktop\\AppRepa\\Backend\\AppRepaPrest\\vendor\\symfony\\console\\Command\\Command.php(318): Illuminate\\Console\\Command->execute(Object(Symfony\\Component\\Console\\Input\\ArgvInput), Object(Illuminate\\Console\\OutputStyle))
#14 C:\\Users\\Mario\\Desktop\\AppRepa\\Backend\\AppRepaPrest\\vendor\\laravel\\framework\\src\\Illuminate\\Console\\Command.php(178): Symfony\\Component\\Console\\Command\\Command->run(Object(Symfony\\Component\\Console\\Input\\ArgvInput), Object(Illuminate\\Console\\OutputStyle))
#15 C:\\Users\\Mario\\Desktop\\AppRepa\\Backend\\AppRepaPrest\\vendor\\symfony\\console\\Application.php(1092): Illuminate\\Console\\Command->run(Object(Symfony\\Component\\Console\\Input\\ArgvInput), Object(Symfony\\Component\\Console\\Output\\ConsoleOutput))
#16 C:\\Users\\Mario\\Desktop\\AppRepa\\Backend\\AppRepaPrest\\vendor\\symfony\\console\\Application.php(341): Symfony\\Component\\Console\\Application->doRunCommand(Object(Illuminate\\Cache\\Console\\ClearCommand), Object(Symfony\\Component\\Console\\Input\\ArgvInput), Object(Symfony\\Component\\Console\\Output\\ConsoleOutput))
#17 C:\\Users\\Mario\\Desktop\\AppRepa\\Backend\\AppRepaPrest\\vendor\\symfony\\console\\Application.php(192): Symfony\\Component\\Console\\Application->doRun(Object(Symfony\\Component\\Console\\Input\\ArgvInput), Object(Symfony\\Component\\Console\\Output\\ConsoleOutput))
#18 C:\\Users\\Mario\\Desktop\\AppRepa\\Backend\\AppRepaPrest\\vendor\\laravel\\framework\\src\\Illuminate\\Foundation\\Console\\Kernel.php(197): Symfony\\Component\\Console\\Application->run(Object(Symfony\\Component\\Console\\Input\\ArgvInput), Object(Symfony\\Component\\Console\\Output\\ConsoleOutput))
#19 C:\\Users\\Mario\\Desktop\\AppRepa\\Backend\\AppRepaPrest\\vendor\\laravel\\framework\\src\\Illuminate\\Foundation\\Application.php(1234): Illuminate\\Foundation\\Console\\Kernel->handle(Object(Symfony\\Component\\Console\\Input\\ArgvInput), Object(Symfony\\Component\\Console\\Output\\ConsoleOutput))
#20 C:\\Users\\Mario\\Desktop\\AppRepa\\Backend\\AppRepaPrest\\artisan(16): Illuminate\\Foundation\\Application->handleCommand(Object(Symfony\\Component\\Console\\Input\\ArgvInput))
#21 {main}

[previous exception] [object] (PDOException(code: 42S02): SQLSTATE[42S02]: Base table or view not found: 1146 Table 'repaprest.cache' doesn't exist at C:\\Users\\Mario\\Desktop\\AppRepa\\Backend\\AppRepaPrest\\vendor\\laravel\\framework\\src\\Illuminate\\Database\\Connection.php:589)
[stacktrace]
#0 C:\\Users\\Mario\\Desktop\\AppRepa\\Backend\\AppRepaPrest\\vendor\\laravel\\framework\\src\\Illuminate\\Database\\Connection.php(589): PDO->prepare('delete from `ca...')
#1 C:\\Users\\Mario\\Desktop\\AppRepa\\Backend\\AppRepaPrest\\vendor\\laravel\\framework\\src\\Illuminate\\Database\\Connection.php(809): Illuminate\\Database\\Connection->{closure:Illuminate\\Database\\Connection::affectingStatement():581}('delete from `ca...', Array)
#2 C:\\Users\\Mario\\Desktop\\AppRepa\\Backend\\AppRepaPrest\\vendor\\laravel\\framework\\src\\Illuminate\\Database\\Connection.php(776): Illuminate\\Database\\Connection->runQueryCallback('delete from `ca...', Array, Object(Closure))
#3 C:\\Users\\Mario\\Desktop\\AppRepa\\Backend\\AppRepaPrest\\vendor\\laravel\\framework\\src\\Illuminate\\Database\\Connection.php(581): Illuminate\\Database\\Connection->run('delete from `ca...', Array, Object(Closure))
#4 C:\\Users\\Mario\\Desktop\\AppRepa\\Backend\\AppRepaPrest\\vendor\\laravel\\framework\\src\\Illuminate\\Database\\Connection.php(545): Illuminate\\Database\\Connection->affectingStatement('delete from `ca...', Array)
#5 C:\\Users\\Mario\\Desktop\\AppRepa\\Backend\\AppRepaPrest\\vendor\\laravel\\framework\\src\\Illuminate\\Database\\Query\\Builder.php(4052): Illuminate\\Database\\Connection->delete('delete from `ca...', Array)
#6 C:\\Users\\Mario\\Desktop\\AppRepa\\Backend\\AppRepaPrest\\vendor\\laravel\\framework\\src\\Illuminate\\Cache\\DatabaseStore.php(423): Illuminate\\Database\\Query\\Builder->delete()
#7 C:\\Users\\Mario\\Desktop\\AppRepa\\Backend\\AppRepaPrest\\vendor\\laravel\\framework\\src\\Illuminate\\Cache\\Repository.php(807): Illuminate\\Cache\\DatabaseStore->flush()
#8 C:\\Users\\Mario\\Desktop\\AppRepa\\Backend\\AppRepaPrest\\vendor\\laravel\\framework\\src\\Illuminate\\Cache\\Console\\ClearCommand.php(68): Illuminate\\Cache\\Repository->__call('flush', Array)
#9 C:\\Users\\Mario\\Desktop\\AppRepa\\Backend\\AppRepaPrest\\vendor\\laravel\\framework\\src\\Illuminate\\Container\\BoundMethod.php(36): Illuminate\\Cache\\Console\\ClearCommand->handle()
#10 C:\\Users\\Mario\\Desktop\\AppRepa\\Backend\\AppRepaPrest\\vendor\\laravel\\framework\\src\\Illuminate\\Container\\Util.php(43): Illuminate\\Container\\BoundMethod::{closure:Illuminate\\Container\\BoundMethod::call():35}()
#11 C:\\Users\\Mario\\Desktop\\AppRepa\\Backend\\AppRepaPrest\\vendor\\laravel\\framework\\src\\Illuminate\\Container\\BoundMethod.php(96): Illuminate\\Container\\Util::unwrapIfClosure(Object(Closure))
#12 C:\\Users\\Mario\\Desktop\\AppRepa\\Backend\\AppRepaPrest\\vendor\\laravel\\framework\\src\\Illuminate\\Container\\BoundMethod.php(35): Illuminate\\Container\\BoundMethod::callBoundMethod(Object(Illuminate\\Foundation\\Application), Array, Object(Closure))
#13 C:\\Users\\Mario\\Desktop\\AppRepa\\Backend\\AppRepaPrest\\vendor\\laravel\\framework\\src\\Illuminate\\Container\\Container.php(754): Illuminate\\Container\\BoundMethod::call(Object(Illuminate\\Foundation\\Application), Array, Array, NULL)
#14 C:\\Users\\Mario\\Desktop\\AppRepa\\Backend\\AppRepaPrest\\vendor\\laravel\\framework\\src\\Illuminate\\Console\\Command.php(209): Illuminate\\Container\\Container->call(Array)
#15 C:\\Users\\Mario\\Desktop\\AppRepa\\Backend\\AppRepaPrest\\vendor\\symfony\\console\\Command\\Command.php(318): Illuminate\\Console\\Command->execute(Object(Symfony\\Component\\Console\\Input\\ArgvInput), Object(Illuminate\\Console\\OutputStyle))
#16 C:\\Users\\Mario\\Desktop\\AppRepa\\Backend\\AppRepaPrest\\vendor\\laravel\\framework\\src\\Illuminate\\Console\\Command.php(178): Symfony\\Component\\Console\\Command\\Command->run(Object(Symfony\\Component\\Console\\Input\\ArgvInput), Object(Illuminate\\Console\\OutputStyle))
#17 C:\\Users\\Mario\\Desktop\\AppRepa\\Backend\\AppRepaPrest\\vendor\\symfony\\console\\Application.php(1092): Illuminate\\Console\\Command->run(Object(Symfony\\Component\\Console\\Input\\ArgvInput), Object(Symfony\\Component\\Console\\Output\\ConsoleOutput))
#18 C:\\Users\\Mario\\Desktop\\AppRepa\\Backend\\AppRepaPrest\\vendor\\symfony\\console\\Application.php(341): Symfony\\Component\\Console\\Application->doRunCommand(Object(Illuminate\\Cache\\Console\\ClearCommand), Object(Symfony\\Component\\Console\\Input\\ArgvInput), Object(Symfony\\Component\\Console\\Output\\ConsoleOutput))
#19 C:\\Users\\Mario\\Desktop\\AppRepa\\Backend\\AppRepaPrest\\vendor\\symfony\\console\\Application.php(192): Symfony\\Component\\Console\\Application->doRun(Object(Symfony\\Component\\Console\\Input\\ArgvInput), Object(Symfony\\Component\\Console\\Output\\ConsoleOutput))
#20 C:\\Users\\Mario\\Desktop\\AppRepa\\Backend\\AppRepaPrest\\vendor\\laravel\\framework\\src\\Illuminate\\Foundation\\Console\\Kernel.php(197): Symfony\\Component\\Console\\Application->run(Object(Symfony\\Component\\Console\\Input\\ArgvInput), Object(Symfony\\Component\\Console\\Output\\ConsoleOutput))
#21 C:\\Users\\Mario\\Desktop\\AppRepa\\Backend\\AppRepaPrest\\vendor\\laravel\\framework\\src\\Illuminate\\Foundation\\Application.php(1234): Illuminate\\Foundation\\Console\\Kernel->handle(Object(Symfony\\Component\\Console\\Input\\ArgvInput), Object(Symfony\\Component\\Console\\Output\\ConsoleOutput))
#22 C:\\Users\\Mario\\Desktop\\AppRepa\\Backend\\AppRepaPrest\\artisan(16): Illuminate\\Foundation\\Application->handleCommand(Object(Symfony\\Component\\Console\\Input\\ArgvInput))
#23 {main}
"} 
[2026-07-06 18:35:43] local.ERROR: The "--tables" option does not exist. {"exception":"[object] (Symfony\\Component\\Console\\Exception\\RuntimeException(code: 0): The \"--tables\" option does not exist. at C:\\Users\\Mario\\Desktop\\AppRepa\\Backend\\AppRepaPrest\\vendor\\symfony\\console\\Input\\ArgvInput.php:226)
[stacktrace]
#0 C:\\Users\\Mario\\Desktop\\AppRepa\\Backend\\AppRepaPrest\\vendor\\symfony\\console\\Input\\ArgvInput.php(155): Symfony\\Component\\Console\\Input\\ArgvInput->addLongOption('tables', NULL)
#1 C:\\Users\\Mario\\Desktop\\AppRepa\\Backend\\AppRepaPrest\\vendor\\symfony\\console\\Input\\ArgvInput.php(88): Symfony\\Component\\Console\\Input\\ArgvInput->parseLongOption('--tables')
#2 C:\\Users\\Mario\\Desktop\\AppRepa\\Backend\\AppRepaPrest\\vendor\\symfony\\console\\Input\\ArgvInput.php(77): Symfony\\Component\\Console\\Input\\ArgvInput->parseToken('--tables', true)
#3 C:\\Users\\Mario\\Desktop\\AppRepa\\Backend\\AppRepaPrest\\vendor\\symfony\\console\\Input\\Input.php(53): Symfony\\Component\\Console\\Input\\ArgvInput->parse()
#4 C:\\Users\\Mario\\Desktop\\AppRepa\\Backend\\AppRepaPrest\\vendor\\symfony\\console\\Command\\Command.php(276): Symfony\\Component\\Console\\Input\\Input->bind(Object(Symfony\\Component\\Console\\Input\\InputDefinition))
#5 C:\\Users\\Mario\\Desktop\\AppRepa\\Backend\\AppRepaPrest\\vendor\\laravel\\framework\\src\\Illuminate\\Console\\Command.php(178): Symfony\\Component\\Console\\Command\\Command->run(Object(Symfony\\Component\\Console\\Input\\ArgvInput), Object(Illuminate\\Console\\OutputStyle))
#6 C:\\Users\\Mario\\Desktop\\AppRepa\\Backend\\AppRepaPrest\\vendor\\symfony\\console\\Application.php(1092): Illuminate\\Console\\Command->run(Object(Symfony\\Component\\Console\\Input\\ArgvInput), Object(Symfony\\Component\\Console\\Output\\ConsoleOutput))
#7 C:\\Users\\Mario\\Desktop\\AppRepa\\Backend\\AppRepaPrest\\vendor\\symfony\\console\\Application.php(341): Symfony\\Component\\Console\\Application->doRunCommand(Object(Illuminate\\Database\\Console\\ShowCommand), Object(Symfony\\Component\\Console\\Input\\ArgvInput), Object(Symfony\\Component\\Console\\Output\\ConsoleOutput))
#8 C:\\Users\\Mario\\Desktop\\AppRepa\\Backend\\AppRepaPrest\\vendor\\symfony\\console\\Application.php(192): Symfony\\Component\\Console\\Application->doRun(Object(Symfony\\Component\\Console\\Input\\ArgvInput), Object(Symfony\\Component\\Console\\Output\\ConsoleOutput))
#9 C:\\Users\\Mario\\Desktop\\AppRepa\\Backend\\AppRepaPrest\\vendor\\laravel\\framework\\src\\Illuminate\\Foundation\\Console\\Kernel.php(197): Symfony\\Component\\Console\\Application->run(Object(Symfony\\Component\\Console\\Input\\ArgvInput), Object(Symfony\\Component\\Console\\Output\\ConsoleOutput))
#10 C:\\Users\\Mario\\Desktop\\AppRepa\\Backend\\AppRepaPrest\\vendor\\laravel\\framework\\src\\Illuminate\\Foundation\\Application.php(1234): Illuminate\\Foundation\\Console\\Kernel->handle(Object(Symfony\\Component\\Console\\Input\\ArgvInput), Object(Symfony\\Component\\Console\\Output\\ConsoleOutput))
#11 C:\\Users\\Mario\\Desktop\\AppRepa\\Backend\\AppRepaPrest\\artisan(16): Illuminate\\Foundation\\Application->handleCommand(Object(Symfony\\Component\\Console\\Input\\ArgvInput))
#12 {main}
"} 
